<?xml version="1.0" encoding="UTF-8" ?>
<testsuites disabled="3" errors="0" failures="0" tests="5" time="11.292">
 <testsuite name="Demo Calculator Test 1" timestamp="2020-09-21T07:36:39" hostname="localhost" time="8.473" errors="0" tests="2" skipped="0" disabled="1" failures="0">
  <testcase classname="Demo Calculator Test 1" name="Addition Test" time="8.466" />
  <testcase classname="Demo Calculator Test 1" name="Subtraction Test" time="0.003">
   <skipped message="Temporarily disabled with xit" />
  </testcase>
 </testsuite>
 <testsuite name="Demo Calculator Test 3" timestamp="2020-09-21T07:36:47" hostname="localhost" time="2.816" errors="0" tests="1" skipped="0" disabled="0" failures="0">
  <testcase classname="Demo Calculator Test 3" name="Page Title Test" time="2.814" />
 </testsuite>
 <testsuite name="Demo Calculator Test 2" timestamp="2020-09-21T07:36:50" hostname="localhost" time="0.003" errors="0" tests="2" skipped="0" disabled="2" failures="0">
  <testcase classname="Demo Calculator Test 2" name="Multiplication Test" time="0">
   <skipped />
  </testcase>
  <testcase classname="Demo Calculator Test 2" name="Division Test" time="0.001">
   <skipped message="Temporarily disabled with xit" />
  </testcase>
 </testsuite>
</testsuites>